2025-07-15 22:19:31,837 - __main__ - INFO - ================================================================================
2025-07-15 22:19:31,837 - __main__ - INFO - Starting Comprehensive Plant Disease Classification Experiment
2025-07-15 22:19:31,837 - __main__ - INFO - Configuration: {'data_dir': './datasets', 'output_dir': './outputs', 'batch_size': 32, 'epochs': 50, 'lr': 0.001, 'weight_decay': 0.0001, 'num_workers': 4, 'train_ratio': 0.7, 'val_ratio': 0.15, 'random_seed': 42, 'resume_from': None}
2025-07-15 22:19:31,837 - __main__ - INFO - ================================================================================
2025-07-15 22:19:31,849 - __main__ - INFO - Using device: mps (MPS (Apple Silicon))
2025-07-15 22:19:31,850 - __main__ - INFO - MPS (Metal Performance Shaders) acceleration enabled for Apple Silicon
2025-07-15 22:19:31,850 - __main__ - INFO - Optimizations:
2025-07-15 22:19:31,850 - __main__ - INFO -   - GPU acceleration via Metal
2025-07-15 22:19:31,850 - __main__ - INFO -   - Optimized for Apple M-series chips
2025-07-15 22:19:31,850 - __main__ - INFO - 
============================================================
2025-07-15 22:19:31,850 - __main__ - INFO - Experiment 1/4
2025-07-15 22:19:31,850 - __main__ - INFO - Plant: Maize, Classification: 10-way (detailed), Model: efficientnet_b0
2025-07-15 22:19:31,850 - __main__ - INFO - ============================================================
2025-07-15 22:19:31,850 - __main__ - INFO - Training efficientnet_b0 for Maize - detailed classification
2025-07-15 22:19:31,852 - training - INFO - Looking for plant: Maize in directory: ./datasets
2025-07-15 22:19:31,852 - training - INFO - Root directory exists: True
2025-07-15 22:19:31,853 - training - INFO - All directories in root: ['Apple-Unhealthy-Diffusion-SPx2Px', 'Maize-Unhealthy-GAN-Stylegan3', 'Maize-Unhealthy-GAN-StyleGAN2', 'Tomato-Healthy-Diffusion-SPx2Px', 'Maize-Healthy-Diffusion-DS8', 'Apple-Unhealthy-GAN-Stylegan3', 'Tomato-Unhealthy-Diffusion-SPx2Px', 'Tomato-Unhealthy--Real-Real', 'Apple-Unhealthy-GAN-StyleGAN2', 'Tomato-Healthy-Real-Real', 'Tomato-Healthy-Diffusion-DS8', 'Tomato-Unhealthy-GAN-StyleGAN2', 'Apple-Healthy-Diffusion-SPx2Px', 'Apple-Unhealthy-Real-Real', 'Maize-Unhealthy-Real-Real', 'Maize-Healthy-Real-Real', 'Tomato-Unhealthy-GAN-Stylegan3', 'Apple-Healthy-Diffusion-DS8', 'Maize-Unhealthy-Diffusion-SPx2Px', 'Apple-Healthy-Real-Real', 'Maize-Healthy-GAN-StyleGAN2', 'Maize-Unhealthy-Diffusion-DS8', 'Maize-Healthy-GAN-Stylegan3', 'Apple-Unhealthy-Diffusion-DS8', 'Tomato-Healthy-GAN-Stylegan3', 'Tomato-Healthy-GAN-StyleGAN2', 'Maize-Healthy-Diffusion-SPx2Px', 'Tomato-Unhealthy-Diffusion-DS8', 'Apple-Healthy-GAN-Stylegan3', 'Apple-Healthy-GAN-StyleGAN2']
2025-07-15 22:19:31,853 - training - INFO - Found directories for Maize: ['Maize-Unhealthy-GAN-Stylegan3', 'Maize-Unhealthy-GAN-StyleGAN2', 'Maize-Healthy-Diffusion-DS8', 'Maize-Unhealthy-Real-Real', 'Maize-Healthy-Real-Real', 'Maize-Unhealthy-Diffusion-SPx2Px', 'Maize-Healthy-GAN-StyleGAN2', 'Maize-Unhealthy-Diffusion-DS8', 'Maize-Healthy-GAN-Stylegan3', 'Maize-Healthy-Diffusion-SPx2Px']
2025-07-15 22:19:31,853 - training - INFO - Full paths: ['./datasets/Maize-Unhealthy-GAN-Stylegan3', './datasets/Maize-Unhealthy-GAN-StyleGAN2', './datasets/Maize-Healthy-Diffusion-DS8', './datasets/Maize-Unhealthy-Real-Real', './datasets/Maize-Healthy-Real-Real', './datasets/Maize-Unhealthy-Diffusion-SPx2Px', './datasets/Maize-Healthy-GAN-StyleGAN2', './datasets/Maize-Unhealthy-Diffusion-DS8', './datasets/Maize-Healthy-GAN-Stylegan3', './datasets/Maize-Healthy-Diffusion-SPx2Px']
2025-07-15 22:19:31,853 - training - INFO - Found 10 classes for Maize
2025-07-15 22:19:31,853 - training - INFO - Classes: ['Maize-Healthy-Diffusion-DS8', 'Maize-Healthy-Diffusion-SPx2Px', 'Maize-Healthy-GAN-StyleGAN2', 'Maize-Healthy-GAN-Stylegan3', 'Maize-Healthy-Real-Real', 'Maize-Unhealthy-Diffusion-DS8', 'Maize-Unhealthy-Diffusion-SPx2Px', 'Maize-Unhealthy-GAN-StyleGAN2', 'Maize-Unhealthy-GAN-Stylegan3', 'Maize-Unhealthy-Real-Real']
2025-07-15 22:19:31,860 - training - INFO -   Maize-Healthy-Diffusion-DS8: 1000 images
2025-07-15 22:19:31,865 - training - INFO -   Maize-Healthy-Diffusion-SPx2Px: 1000 images
2025-07-15 22:19:31,883 - training - INFO -   Maize-Healthy-GAN-StyleGAN2: 6000 images
2025-07-15 22:19:31,885 - training - INFO -   Maize-Healthy-GAN-Stylegan3: 465 images
2025-07-15 22:19:31,888 - training - INFO -   Maize-Healthy-Real-Real: 1000 images
2025-07-15 22:19:31,891 - training - INFO -   Maize-Unhealthy-Diffusion-DS8: 1000 images
2025-07-15 22:19:31,894 - training - INFO -   Maize-Unhealthy-Diffusion-SPx2Px: 1000 images
2025-07-15 22:19:31,911 - training - INFO -   Maize-Unhealthy-GAN-StyleGAN2: 6000 images
2025-07-15 22:19:31,911 - training - INFO -   Maize-Unhealthy-GAN-Stylegan3: 0 images
2025-07-15 22:19:31,911 - training - WARNING -   Skipping empty class directory: Maize-Unhealthy-GAN-Stylegan3
2025-07-15 22:19:31,914 - training - INFO -   Maize-Unhealthy-Real-Real: 1000 images
2025-07-15 22:19:31,915 - training - INFO - Filtered to 9 non-empty classes.
2025-07-15 22:19:31,915 - training - INFO - Total samples across valid classes: 18465
2025-07-15 22:19:31,915 - training - INFO - Using detailed classification (all subdirectories as separate classes)
2025-07-15 22:19:31,915 - training - INFO - Dataset split: train=12925, val=2769, test=2771
2025-07-15 22:19:31,915 - training - INFO - Looking for plant: Maize in directory: ./datasets
2025-07-15 22:19:31,915 - training - INFO - Root directory exists: True
2025-07-15 22:19:31,915 - training - INFO - All directories in root: ['Apple-Unhealthy-Diffusion-SPx2Px', 'Maize-Unhealthy-GAN-Stylegan3', 'Maize-Unhealthy-GAN-StyleGAN2', 'Tomato-Healthy-Diffusion-SPx2Px', 'Maize-Healthy-Diffusion-DS8', 'Apple-Unhealthy-GAN-Stylegan3', 'Tomato-Unhealthy-Diffusion-SPx2Px', 'Tomato-Unhealthy--Real-Real', 'Apple-Unhealthy-GAN-StyleGAN2', 'Tomato-Healthy-Real-Real', 'Tomato-Healthy-Diffusion-DS8', 'Tomato-Unhealthy-GAN-StyleGAN2', 'Apple-Healthy-Diffusion-SPx2Px', 'Apple-Unhealthy-Real-Real', 'Maize-Unhealthy-Real-Real', 'Maize-Healthy-Real-Real', 'Tomato-Unhealthy-GAN-Stylegan3', 'Apple-Healthy-Diffusion-DS8', 'Maize-Unhealthy-Diffusion-SPx2Px', 'Apple-Healthy-Real-Real', 'Maize-Healthy-GAN-StyleGAN2', 'Maize-Unhealthy-Diffusion-DS8', 'Maize-Healthy-GAN-Stylegan3', 'Apple-Unhealthy-Diffusion-DS8', 'Tomato-Healthy-GAN-Stylegan3', 'Tomato-Healthy-GAN-StyleGAN2', 'Maize-Healthy-Diffusion-SPx2Px', 'Tomato-Unhealthy-Diffusion-DS8', 'Apple-Healthy-GAN-Stylegan3', 'Apple-Healthy-GAN-StyleGAN2']
2025-07-15 22:19:31,915 - training - INFO - Found directories for Maize: ['Maize-Unhealthy-GAN-Stylegan3', 'Maize-Unhealthy-GAN-StyleGAN2', 'Maize-Healthy-Diffusion-DS8', 'Maize-Unhealthy-Real-Real', 'Maize-Healthy-Real-Real', 'Maize-Unhealthy-Diffusion-SPx2Px', 'Maize-Healthy-GAN-StyleGAN2', 'Maize-Unhealthy-Diffusion-DS8', 'Maize-Healthy-GAN-Stylegan3', 'Maize-Healthy-Diffusion-SPx2Px']
2025-07-15 22:19:31,915 - training - INFO - Full paths: ['./datasets/Maize-Unhealthy-GAN-Stylegan3', './datasets/Maize-Unhealthy-GAN-StyleGAN2', './datasets/Maize-Healthy-Diffusion-DS8', './datasets/Maize-Unhealthy-Real-Real', './datasets/Maize-Healthy-Real-Real', './datasets/Maize-Unhealthy-Diffusion-SPx2Px', './datasets/Maize-Healthy-GAN-StyleGAN2', './datasets/Maize-Unhealthy-Diffusion-DS8', './datasets/Maize-Healthy-GAN-Stylegan3', './datasets/Maize-Healthy-Diffusion-SPx2Px']
2025-07-15 22:19:31,915 - training - INFO - Found 10 classes for Maize
2025-07-15 22:19:31,915 - training - INFO - Classes: ['Maize-Healthy-Diffusion-DS8', 'Maize-Healthy-Diffusion-SPx2Px', 'Maize-Healthy-GAN-StyleGAN2', 'Maize-Healthy-GAN-Stylegan3', 'Maize-Healthy-Real-Real', 'Maize-Unhealthy-Diffusion-DS8', 'Maize-Unhealthy-Diffusion-SPx2Px', 'Maize-Unhealthy-GAN-StyleGAN2', 'Maize-Unhealthy-GAN-Stylegan3', 'Maize-Unhealthy-Real-Real']
2025-07-15 22:19:31,918 - training - INFO -   Maize-Healthy-Diffusion-DS8: 1000 images
2025-07-15 22:19:31,921 - training - INFO -   Maize-Healthy-Diffusion-SPx2Px: 1000 images
2025-07-15 22:19:31,938 - training - INFO -   Maize-Healthy-GAN-StyleGAN2: 6000 images
2025-07-15 22:19:31,940 - training - INFO -   Maize-Healthy-GAN-Stylegan3: 465 images
2025-07-15 22:19:31,943 - training - INFO -   Maize-Healthy-Real-Real: 1000 images
2025-07-15 22:19:31,946 - training - INFO -   Maize-Unhealthy-Diffusion-DS8: 1000 images
2025-07-15 22:19:31,949 - training - INFO -   Maize-Unhealthy-Diffusion-SPx2Px: 1000 images
2025-07-15 22:19:31,966 - training - INFO -   Maize-Unhealthy-GAN-StyleGAN2: 6000 images
2025-07-15 22:19:31,966 - training - INFO -   Maize-Unhealthy-GAN-Stylegan3: 0 images
2025-07-15 22:19:31,966 - training - WARNING -   Skipping empty class directory: Maize-Unhealthy-GAN-Stylegan3
2025-07-15 22:19:31,969 - training - INFO -   Maize-Unhealthy-Real-Real: 1000 images
2025-07-15 22:19:31,969 - training - INFO - Filtered to 9 non-empty classes.
2025-07-15 22:19:31,969 - training - INFO - Total samples across valid classes: 18465
2025-07-15 22:19:31,969 - training - INFO - Using detailed classification (all subdirectories as separate classes)
2025-07-15 22:19:31,969 - training - INFO - Looking for plant: Maize in directory: ./datasets
2025-07-15 22:19:31,969 - training - INFO - Root directory exists: True
2025-07-15 22:19:31,970 - training - INFO - All directories in root: ['Apple-Unhealthy-Diffusion-SPx2Px', 'Maize-Unhealthy-GAN-Stylegan3', 'Maize-Unhealthy-GAN-StyleGAN2', 'Tomato-Healthy-Diffusion-SPx2Px', 'Maize-Healthy-Diffusion-DS8', 'Apple-Unhealthy-GAN-Stylegan3', 'Tomato-Unhealthy-Diffusion-SPx2Px', 'Tomato-Unhealthy--Real-Real', 'Apple-Unhealthy-GAN-StyleGAN2', 'Tomato-Healthy-Real-Real', 'Tomato-Healthy-Diffusion-DS8', 'Tomato-Unhealthy-GAN-StyleGAN2', 'Apple-Healthy-Diffusion-SPx2Px', 'Apple-Unhealthy-Real-Real', 'Maize-Unhealthy-Real-Real', 'Maize-Healthy-Real-Real', 'Tomato-Unhealthy-GAN-Stylegan3', 'Apple-Healthy-Diffusion-DS8', 'Maize-Unhealthy-Diffusion-SPx2Px', 'Apple-Healthy-Real-Real', 'Maize-Healthy-GAN-StyleGAN2', 'Maize-Unhealthy-Diffusion-DS8', 'Maize-Healthy-GAN-Stylegan3', 'Apple-Unhealthy-Diffusion-DS8', 'Tomato-Healthy-GAN-Stylegan3', 'Tomato-Healthy-GAN-StyleGAN2', 'Maize-Healthy-Diffusion-SPx2Px', 'Tomato-Unhealthy-Diffusion-DS8', 'Apple-Healthy-GAN-Stylegan3', 'Apple-Healthy-GAN-StyleGAN2']
2025-07-15 22:19:31,970 - training - INFO - Found directories for Maize: ['Maize-Unhealthy-GAN-Stylegan3', 'Maize-Unhealthy-GAN-StyleGAN2', 'Maize-Healthy-Diffusion-DS8', 'Maize-Unhealthy-Real-Real', 'Maize-Healthy-Real-Real', 'Maize-Unhealthy-Diffusion-SPx2Px', 'Maize-Healthy-GAN-StyleGAN2', 'Maize-Unhealthy-Diffusion-DS8', 'Maize-Healthy-GAN-Stylegan3', 'Maize-Healthy-Diffusion-SPx2Px']
2025-07-15 22:19:31,970 - training - INFO - Full paths: ['./datasets/Maize-Unhealthy-GAN-Stylegan3', './datasets/Maize-Unhealthy-GAN-StyleGAN2', './datasets/Maize-Healthy-Diffusion-DS8', './datasets/Maize-Unhealthy-Real-Real', './datasets/Maize-Healthy-Real-Real', './datasets/Maize-Unhealthy-Diffusion-SPx2Px', './datasets/Maize-Healthy-GAN-StyleGAN2', './datasets/Maize-Unhealthy-Diffusion-DS8', './datasets/Maize-Healthy-GAN-Stylegan3', './datasets/Maize-Healthy-Diffusion-SPx2Px']
2025-07-15 22:19:31,970 - training - INFO - Found 10 classes for Maize
2025-07-15 22:19:31,970 - training - INFO - Classes: ['Maize-Healthy-Diffusion-DS8', 'Maize-Healthy-Diffusion-SPx2Px', 'Maize-Healthy-GAN-StyleGAN2', 'Maize-Healthy-GAN-Stylegan3', 'Maize-Healthy-Real-Real', 'Maize-Unhealthy-Diffusion-DS8', 'Maize-Unhealthy-Diffusion-SPx2Px', 'Maize-Unhealthy-GAN-StyleGAN2', 'Maize-Unhealthy-GAN-Stylegan3', 'Maize-Unhealthy-Real-Real']
2025-07-15 22:19:31,973 - training - INFO -   Maize-Healthy-Diffusion-DS8: 1000 images
2025-07-15 22:19:31,976 - training - INFO -   Maize-Healthy-Diffusion-SPx2Px: 1000 images
2025-07-15 22:19:31,993 - training - INFO -   Maize-Healthy-GAN-StyleGAN2: 6000 images
2025-07-15 22:19:31,994 - training - INFO -   Maize-Healthy-GAN-Stylegan3: 465 images
2025-07-15 22:19:31,997 - training - INFO -   Maize-Healthy-Real-Real: 1000 images
2025-07-15 22:19:32,001 - training - INFO -   Maize-Unhealthy-Diffusion-DS8: 1000 images
2025-07-15 22:19:32,004 - training - INFO -   Maize-Unhealthy-Diffusion-SPx2Px: 1000 images
2025-07-15 22:19:32,020 - training - INFO -   Maize-Unhealthy-GAN-StyleGAN2: 6000 images
2025-07-15 22:19:32,021 - training - INFO -   Maize-Unhealthy-GAN-Stylegan3: 0 images
2025-07-15 22:19:32,021 - training - WARNING -   Skipping empty class directory: Maize-Unhealthy-GAN-Stylegan3
2025-07-15 22:19:32,024 - training - INFO -   Maize-Unhealthy-Real-Real: 1000 images
2025-07-15 22:19:32,024 - training - INFO - Filtered to 9 non-empty classes.
2025-07-15 22:19:32,024 - training - INFO - Total samples across valid classes: 18465
2025-07-15 22:19:32,024 - training - INFO - Using detailed classification (all subdirectories as separate classes)
2025-07-15 22:19:32,067 - timm.models._builder - INFO - Loading pretrained weights from Hugging Face hub (timm/efficientnet_b0.ra_in1k)
2025-07-15 22:19:32,070 - urllib3.connectionpool - DEBUG - Starting new HTTPS connection (1): huggingface.co:443
2025-07-15 22:19:32,286 - urllib3.connectionpool - DEBUG - https://huggingface.co:443 "HEAD /timm/efficientnet_b0.ra_in1k/resolve/main/model.safetensors HTTP/1.1" 401 0
2025-07-15 22:19:32,454 - training - INFO - Starting training for 50 epochs
2025-07-15 22:19:32,454 - training - INFO - 
Epoch 1/50
2025-07-15 22:19:32,454 - training - INFO - --------------------------------------------------
2025-07-15 22:21:23,993 - training - INFO - Learning rate: 0.000999
2025-07-15 22:21:23,994 - training - INFO - Train Loss: 0.9768, Train Acc: 64.89%
2025-07-15 22:21:23,994 - training - INFO - Val Loss: 0.5688, Val Acc: 79.92%
2025-07-15 22:21:23,994 - training - INFO - New best model! Saving to ./outputs/comprehensive_plant_classification_20250715_221931/Maize_detailed_efficientnet_b0_best_model.pth
2025-07-15 22:21:24,433 - training - INFO - 
Epoch 2/50
2025-07-15 22:21:24,433 - training - INFO - --------------------------------------------------
2025-07-15 22:22:45,469 - training - INFO - Learning rate: 0.000996
2025-07-15 22:22:45,470 - training - INFO - Train Loss: 0.5861, Train Acc: 81.69%
2025-07-15 22:22:45,470 - training - INFO - Val Loss: 0.3561, Val Acc: 87.94%
2025-07-15 22:22:45,471 - training - INFO - New best model! Saving to ./outputs/comprehensive_plant_classification_20250715_221931/Maize_detailed_efficientnet_b0_best_model.pth
2025-07-15 22:22:46,651 - training - INFO - 
Epoch 3/50
2025-07-15 22:22:46,651 - training - INFO - --------------------------------------------------
2025-07-15 22:24:08,623 - training - INFO - Learning rate: 0.000991
2025-07-15 22:24:08,624 - training - INFO - Train Loss: 0.4288, Train Acc: 87.26%
2025-07-15 22:24:08,624 - training - INFO - Val Loss: 0.2722, Val Acc: 92.92%
2025-07-15 22:24:08,624 - training - INFO - New best model! Saving to ./outputs/comprehensive_plant_classification_20250715_221931/Maize_detailed_efficientnet_b0_best_model.pth
2025-07-15 22:24:09,235 - training - INFO - 
Epoch 4/50
2025-07-15 22:24:09,235 - training - INFO - --------------------------------------------------
2025-07-15 22:25:31,204 - training - INFO - Learning rate: 0.000984
2025-07-15 22:25:31,205 - training - INFO - Train Loss: 0.3824, Train Acc: 89.20%
2025-07-15 22:25:31,205 - training - INFO - Val Loss: 0.2930, Val Acc: 91.84%
2025-07-15 22:25:31,205 - training - INFO - 
Epoch 5/50
2025-07-15 22:25:31,205 - training - INFO - --------------------------------------------------
2025-07-15 22:26:52,853 - training - INFO - Learning rate: 0.000976
2025-07-15 22:26:52,854 - training - INFO - Train Loss: 0.3268, Train Acc: 91.06%
2025-07-15 22:26:52,854 - training - INFO - Val Loss: 0.0976, Val Acc: 98.52%
2025-07-15 22:26:52,854 - training - INFO - New best model! Saving to ./outputs/comprehensive_plant_classification_20250715_221931/Maize_detailed_efficientnet_b0_best_model.pth
2025-07-15 22:26:53,655 - training - INFO - 
Epoch 6/50
2025-07-15 22:26:53,655 - training - INFO - --------------------------------------------------
2025-07-15 22:28:14,451 - training - INFO - Learning rate: 0.000965
2025-07-15 22:28:14,451 - training - INFO - Train Loss: 0.2802, Train Acc: 92.65%
2025-07-15 22:28:14,452 - training - INFO - Val Loss: 0.0854, Val Acc: 98.34%
2025-07-15 22:28:14,452 - training - INFO - 
Epoch 7/50
2025-07-15 22:28:14,452 - training - INFO - --------------------------------------------------
2025-07-15 22:29:35,875 - training - INFO - Learning rate: 0.000952
2025-07-15 22:29:35,877 - training - INFO - Train Loss: 0.2535, Train Acc: 93.45%
2025-07-15 22:29:35,877 - training - INFO - Val Loss: 0.1076, Val Acc: 97.72%
2025-07-15 22:29:35,877 - training - INFO - 
Epoch 8/50
2025-07-15 22:29:35,877 - training - INFO - --------------------------------------------------
2025-07-15 22:30:56,784 - training - INFO - Learning rate: 0.000938
2025-07-15 22:30:56,786 - training - INFO - Train Loss: 0.2075, Train Acc: 94.52%
2025-07-15 22:30:56,786 - training - INFO - Val Loss: 0.0627, Val Acc: 97.47%
2025-07-15 22:30:56,786 - training - INFO - 
Epoch 9/50
2025-07-15 22:30:56,786 - training - INFO - --------------------------------------------------
2025-07-15 22:32:18,234 - training - INFO - Learning rate: 0.000922
2025-07-15 22:32:18,235 - training - INFO - Train Loss: 0.2111, Train Acc: 94.68%
2025-07-15 22:32:18,235 - training - INFO - Val Loss: 0.1898, Val Acc: 93.50%
2025-07-15 22:32:18,235 - training - INFO - 
Epoch 10/50
2025-07-15 22:32:18,235 - training - INFO - --------------------------------------------------
2025-07-15 22:33:40,225 - training - INFO - Learning rate: 0.000905
2025-07-15 22:33:40,227 - training - INFO - Train Loss: 0.1764, Train Acc: 95.71%
2025-07-15 22:33:40,227 - training - INFO - Val Loss: 0.2489, Val Acc: 86.24%
2025-07-15 22:33:40,227 - training - INFO - 
Epoch 11/50
2025-07-15 22:33:40,227 - training - INFO - --------------------------------------------------
2025-07-15 22:35:02,329 - training - INFO - Learning rate: 0.000885
2025-07-15 22:35:02,329 - training - INFO - Train Loss: 0.1938, Train Acc: 95.25%
2025-07-15 22:35:02,329 - training - INFO - Val Loss: 0.1048, Val Acc: 97.94%
2025-07-15 22:35:02,329 - training - INFO - 
Epoch 12/50
2025-07-15 22:35:02,329 - training - INFO - --------------------------------------------------
2025-07-15 22:36:24,840 - training - INFO - Learning rate: 0.000864
2025-07-15 22:36:24,842 - training - INFO - Train Loss: 0.1877, Train Acc: 95.34%
2025-07-15 22:36:24,842 - training - INFO - Val Loss: 0.0500, Val Acc: 99.02%
2025-07-15 22:36:24,842 - training - INFO - New best model! Saving to ./outputs/comprehensive_plant_classification_20250715_221931/Maize_detailed_efficientnet_b0_best_model.pth
2025-07-15 22:36:25,295 - training - ERROR - Failed to save checkpoint to ./outputs/comprehensive_plant_classification_20250715_221931/Maize_detailed_efficientnet_b0_best_model.pth: [enforce fail at inline_container.cc:659] . unexpected pos 16363136 vs 16363032
2025-07-15 22:36:25,296 - __main__ - ERROR - X Failed: Maize - 10-way - efficientnet_b0
2025-07-15 22:36:25,296 - __main__ - ERROR -   Error: [enforce fail at inline_container.cc:659] . unexpected pos 16363136 vs 16363032
2025-07-15 22:36:25,299 - __main__ - INFO - 
============================================================
2025-07-15 22:36:25,299 - __main__ - INFO - Experiment 2/4
2025-07-15 22:36:25,299 - __main__ - INFO - Plant: Maize, Classification: 10-way (detailed), Model: resnet50
2025-07-15 22:36:25,299 - __main__ - INFO - ============================================================
2025-07-15 22:36:25,299 - __main__ - INFO - Training resnet50 for Maize - detailed classification
2025-07-15 22:36:25,302 - training - INFO - Looking for plant: Maize in directory: ./datasets
2025-07-15 22:36:25,302 - training - INFO - Root directory exists: True
2025-07-15 22:36:25,304 - training - INFO - All directories in root: ['Apple-Unhealthy-Diffusion-SPx2Px', 'Maize-Unhealthy-GAN-Stylegan3', 'Maize-Unhealthy-GAN-StyleGAN2', 'Tomato-Healthy-Diffusion-SPx2Px', 'Maize-Healthy-Diffusion-DS8', 'Apple-Unhealthy-GAN-Stylegan3', 'Tomato-Unhealthy-Diffusion-SPx2Px', 'Tomato-Unhealthy--Real-Real', 'Apple-Unhealthy-GAN-StyleGAN2', 'Tomato-Healthy-Real-Real', 'Tomato-Healthy-Diffusion-DS8', 'Tomato-Unhealthy-GAN-StyleGAN2', 'Apple-Healthy-Diffusion-SPx2Px', 'Apple-Unhealthy-Real-Real', 'Maize-Unhealthy-Real-Real', 'Maize-Healthy-Real-Real', 'Tomato-Unhealthy-GAN-Stylegan3', 'Apple-Healthy-Diffusion-DS8', 'Maize-Unhealthy-Diffusion-SPx2Px', 'Apple-Healthy-Real-Real', 'Maize-Healthy-GAN-StyleGAN2', 'Maize-Unhealthy-Diffusion-DS8', 'Maize-Healthy-GAN-Stylegan3', 'Apple-Unhealthy-Diffusion-DS8', 'Tomato-Healthy-GAN-Stylegan3', 'Tomato-Healthy-GAN-StyleGAN2', 'Maize-Healthy-Diffusion-SPx2Px', 'Tomato-Unhealthy-Diffusion-DS8', 'Apple-Healthy-GAN-Stylegan3', 'Apple-Healthy-GAN-StyleGAN2']
2025-07-15 22:36:25,309 - training - INFO - Found directories for Maize: ['Maize-Unhealthy-GAN-Stylegan3', 'Maize-Unhealthy-GAN-StyleGAN2', 'Maize-Healthy-Diffusion-DS8', 'Maize-Unhealthy-Real-Real', 'Maize-Healthy-Real-Real', 'Maize-Unhealthy-Diffusion-SPx2Px', 'Maize-Healthy-GAN-StyleGAN2', 'Maize-Unhealthy-Diffusion-DS8', 'Maize-Healthy-GAN-Stylegan3', 'Maize-Healthy-Diffusion-SPx2Px']
2025-07-15 22:36:25,311 - training - INFO - Full paths: ['./datasets/Maize-Unhealthy-GAN-Stylegan3', './datasets/Maize-Unhealthy-GAN-StyleGAN2', './datasets/Maize-Healthy-Diffusion-DS8', './datasets/Maize-Unhealthy-Real-Real', './datasets/Maize-Healthy-Real-Real', './datasets/Maize-Unhealthy-Diffusion-SPx2Px', './datasets/Maize-Healthy-GAN-StyleGAN2', './datasets/Maize-Unhealthy-Diffusion-DS8', './datasets/Maize-Healthy-GAN-Stylegan3', './datasets/Maize-Healthy-Diffusion-SPx2Px']
2025-07-15 22:36:25,313 - training - INFO - Found 10 classes for Maize
2025-07-15 22:36:25,332 - training - INFO - Classes: ['Maize-Healthy-Diffusion-DS8', 'Maize-Healthy-Diffusion-SPx2Px', 'Maize-Healthy-GAN-StyleGAN2', 'Maize-Healthy-GAN-Stylegan3', 'Maize-Healthy-Real-Real', 'Maize-Unhealthy-Diffusion-DS8', 'Maize-Unhealthy-Diffusion-SPx2Px', 'Maize-Unhealthy-GAN-StyleGAN2', 'Maize-Unhealthy-GAN-Stylegan3', 'Maize-Unhealthy-Real-Real']
2025-07-15 22:36:25,343 - training - INFO -   Maize-Healthy-Diffusion-DS8: 1000 images
2025-07-15 22:36:25,351 - training - INFO -   Maize-Healthy-Diffusion-SPx2Px: 1000 images
2025-07-15 22:36:25,381 - training - INFO -   Maize-Healthy-GAN-StyleGAN2: 6000 images
2025-07-15 22:36:25,384 - training - INFO -   Maize-Healthy-GAN-Stylegan3: 465 images
2025-07-15 22:36:25,389 - training - INFO -   Maize-Healthy-Real-Real: 1000 images
2025-07-15 22:36:25,395 - training - INFO -   Maize-Unhealthy-Diffusion-DS8: 1000 images
2025-07-15 22:36:25,401 - training - INFO -   Maize-Unhealthy-Diffusion-SPx2Px: 1000 images
2025-07-15 22:36:25,426 - training - INFO -   Maize-Unhealthy-GAN-StyleGAN2: 6000 images
2025-07-15 22:36:25,426 - training - INFO -   Maize-Unhealthy-GAN-Stylegan3: 0 images
2025-07-15 22:36:25,426 - training - WARNING -   Skipping empty class directory: Maize-Unhealthy-GAN-Stylegan3
2025-07-15 22:36:25,432 - training - INFO -   Maize-Unhealthy-Real-Real: 1000 images
2025-07-15 22:36:25,432 - training - INFO - Filtered to 9 non-empty classes.
2025-07-15 22:36:25,432 - training - INFO - Total samples across valid classes: 18465
2025-07-15 22:36:25,432 - training - INFO - Using detailed classification (all subdirectories as separate classes)
2025-07-15 22:36:25,433 - training - INFO - Dataset split: train=12925, val=2769, test=2771
2025-07-15 22:36:25,433 - training - INFO - Looking for plant: Maize in directory: ./datasets
2025-07-15 22:36:25,433 - training - INFO - Root directory exists: True
2025-07-15 22:36:25,433 - training - INFO - All directories in root: ['Apple-Unhealthy-Diffusion-SPx2Px', 'Maize-Unhealthy-GAN-Stylegan3', 'Maize-Unhealthy-GAN-StyleGAN2', 'Tomato-Healthy-Diffusion-SPx2Px', 'Maize-Healthy-Diffusion-DS8', 'Apple-Unhealthy-GAN-Stylegan3', 'Tomato-Unhealthy-Diffusion-SPx2Px', 'Tomato-Unhealthy--Real-Real', 'Apple-Unhealthy-GAN-StyleGAN2', 'Tomato-Healthy-Real-Real', 'Tomato-Healthy-Diffusion-DS8', 'Tomato-Unhealthy-GAN-StyleGAN2', 'Apple-Healthy-Diffusion-SPx2Px', 'Apple-Unhealthy-Real-Real', 'Maize-Unhealthy-Real-Real', 'Maize-Healthy-Real-Real', 'Tomato-Unhealthy-GAN-Stylegan3', 'Apple-Healthy-Diffusion-DS8', 'Maize-Unhealthy-Diffusion-SPx2Px', 'Apple-Healthy-Real-Real', 'Maize-Healthy-GAN-StyleGAN2', 'Maize-Unhealthy-Diffusion-DS8', 'Maize-Healthy-GAN-Stylegan3', 'Apple-Unhealthy-Diffusion-DS8', 'Tomato-Healthy-GAN-Stylegan3', 'Tomato-Healthy-GAN-StyleGAN2', 'Maize-Healthy-Diffusion-SPx2Px', 'Tomato-Unhealthy-Diffusion-DS8', 'Apple-Healthy-GAN-Stylegan3', 'Apple-Healthy-GAN-StyleGAN2']
2025-07-15 22:36:25,457 - training - INFO - Found directories for Maize: ['Maize-Unhealthy-GAN-Stylegan3', 'Maize-Unhealthy-GAN-StyleGAN2', 'Maize-Healthy-Diffusion-DS8', 'Maize-Unhealthy-Real-Real', 'Maize-Healthy-Real-Real', 'Maize-Unhealthy-Diffusion-SPx2Px', 'Maize-Healthy-GAN-StyleGAN2', 'Maize-Unhealthy-Diffusion-DS8', 'Maize-Healthy-GAN-Stylegan3', 'Maize-Healthy-Diffusion-SPx2Px']
2025-07-15 22:36:25,457 - training - INFO - Full paths: ['./datasets/Maize-Unhealthy-GAN-Stylegan3', './datasets/Maize-Unhealthy-GAN-StyleGAN2', './datasets/Maize-Healthy-Diffusion-DS8', './datasets/Maize-Unhealthy-Real-Real', './datasets/Maize-Healthy-Real-Real', './datasets/Maize-Unhealthy-Diffusion-SPx2Px', './datasets/Maize-Healthy-GAN-StyleGAN2', './datasets/Maize-Unhealthy-Diffusion-DS8', './datasets/Maize-Healthy-GAN-Stylegan3', './datasets/Maize-Healthy-Diffusion-SPx2Px']
2025-07-15 22:36:25,457 - training - INFO - Found 10 classes for Maize
2025-07-15 22:36:25,457 - training - INFO - Classes: ['Maize-Healthy-Diffusion-DS8', 'Maize-Healthy-Diffusion-SPx2Px', 'Maize-Healthy-GAN-StyleGAN2', 'Maize-Healthy-GAN-Stylegan3', 'Maize-Healthy-Real-Real', 'Maize-Unhealthy-Diffusion-DS8', 'Maize-Unhealthy-Diffusion-SPx2Px', 'Maize-Unhealthy-GAN-StyleGAN2', 'Maize-Unhealthy-GAN-Stylegan3', 'Maize-Unhealthy-Real-Real']
2025-07-15 22:36:25,461 - training - INFO -   Maize-Healthy-Diffusion-DS8: 1000 images
2025-07-15 22:36:25,464 - training - INFO -   Maize-Healthy-Diffusion-SPx2Px: 1000 images
2025-07-15 22:36:25,482 - training - INFO -   Maize-Healthy-GAN-StyleGAN2: 6000 images
2025-07-15 22:36:25,484 - training - INFO -   Maize-Healthy-GAN-Stylegan3: 465 images
2025-07-15 22:36:25,487 - training - INFO -   Maize-Healthy-Real-Real: 1000 images
2025-07-15 22:36:25,491 - training - INFO -   Maize-Unhealthy-Diffusion-DS8: 1000 images
2025-07-15 22:36:25,494 - training - INFO -   Maize-Unhealthy-Diffusion-SPx2Px: 1000 images
2025-07-15 22:36:25,512 - training - INFO -   Maize-Unhealthy-GAN-StyleGAN2: 6000 images
2025-07-15 22:36:25,512 - training - INFO -   Maize-Unhealthy-GAN-Stylegan3: 0 images
2025-07-15 22:36:25,512 - training - WARNING -   Skipping empty class directory: Maize-Unhealthy-GAN-Stylegan3
2025-07-15 22:36:25,516 - training - INFO -   Maize-Unhealthy-Real-Real: 1000 images
2025-07-15 22:36:25,516 - training - INFO - Filtered to 9 non-empty classes.
2025-07-15 22:36:25,516 - training - INFO - Total samples across valid classes: 18465
2025-07-15 22:36:25,516 - training - INFO - Using detailed classification (all subdirectories as separate classes)
2025-07-15 22:36:25,516 - training - INFO - Looking for plant: Maize in directory: ./datasets
2025-07-15 22:36:25,516 - training - INFO - Root directory exists: True
2025-07-15 22:36:25,516 - training - INFO - All directories in root: ['Apple-Unhealthy-Diffusion-SPx2Px', 'Maize-Unhealthy-GAN-Stylegan3', 'Maize-Unhealthy-GAN-StyleGAN2', 'Tomato-Healthy-Diffusion-SPx2Px', 'Maize-Healthy-Diffusion-DS8', 'Apple-Unhealthy-GAN-Stylegan3', 'Tomato-Unhealthy-Diffusion-SPx2Px', 'Tomato-Unhealthy--Real-Real', 'Apple-Unhealthy-GAN-StyleGAN2', 'Tomato-Healthy-Real-Real', 'Tomato-Healthy-Diffusion-DS8', 'Tomato-Unhealthy-GAN-StyleGAN2', 'Apple-Healthy-Diffusion-SPx2Px', 'Apple-Unhealthy-Real-Real', 'Maize-Unhealthy-Real-Real', 'Maize-Healthy-Real-Real', 'Tomato-Unhealthy-GAN-Stylegan3', 'Apple-Healthy-Diffusion-DS8', 'Maize-Unhealthy-Diffusion-SPx2Px', 'Apple-Healthy-Real-Real', 'Maize-Healthy-GAN-StyleGAN2', 'Maize-Unhealthy-Diffusion-DS8', 'Maize-Healthy-GAN-Stylegan3', 'Apple-Unhealthy-Diffusion-DS8', 'Tomato-Healthy-GAN-Stylegan3', 'Tomato-Healthy-GAN-StyleGAN2', 'Maize-Healthy-Diffusion-SPx2Px', 'Tomato-Unhealthy-Diffusion-DS8', 'Apple-Healthy-GAN-Stylegan3', 'Apple-Healthy-GAN-StyleGAN2']
2025-07-15 22:36:25,516 - training - INFO - Found directories for Maize: ['Maize-Unhealthy-GAN-Stylegan3', 'Maize-Unhealthy-GAN-StyleGAN2', 'Maize-Healthy-Diffusion-DS8', 'Maize-Unhealthy-Real-Real', 'Maize-Healthy-Real-Real', 'Maize-Unhealthy-Diffusion-SPx2Px', 'Maize-Healthy-GAN-StyleGAN2', 'Maize-Unhealthy-Diffusion-DS8', 'Maize-Healthy-GAN-Stylegan3', 'Maize-Healthy-Diffusion-SPx2Px']
2025-07-15 22:36:25,516 - training - INFO - Full paths: ['./datasets/Maize-Unhealthy-GAN-Stylegan3', './datasets/Maize-Unhealthy-GAN-StyleGAN2', './datasets/Maize-Healthy-Diffusion-DS8', './datasets/Maize-Unhealthy-Real-Real', './datasets/Maize-Healthy-Real-Real', './datasets/Maize-Unhealthy-Diffusion-SPx2Px', './datasets/Maize-Healthy-GAN-StyleGAN2', './datasets/Maize-Unhealthy-Diffusion-DS8', './datasets/Maize-Healthy-GAN-Stylegan3', './datasets/Maize-Healthy-Diffusion-SPx2Px']
2025-07-15 22:36:25,516 - training - INFO - Found 10 classes for Maize
2025-07-15 22:36:25,516 - training - INFO - Classes: ['Maize-Healthy-Diffusion-DS8', 'Maize-Healthy-Diffusion-SPx2Px', 'Maize-Healthy-GAN-StyleGAN2', 'Maize-Healthy-GAN-Stylegan3', 'Maize-Healthy-Real-Real', 'Maize-Unhealthy-Diffusion-DS8', 'Maize-Unhealthy-Diffusion-SPx2Px', 'Maize-Unhealthy-GAN-StyleGAN2', 'Maize-Unhealthy-GAN-Stylegan3', 'Maize-Unhealthy-Real-Real']
2025-07-15 22:36:25,520 - training - INFO -   Maize-Healthy-Diffusion-DS8: 1000 images
2025-07-15 22:36:25,523 - training - INFO -   Maize-Healthy-Diffusion-SPx2Px: 1000 images
2025-07-15 22:36:25,542 - training - INFO -   Maize-Healthy-GAN-StyleGAN2: 6000 images
2025-07-15 22:36:25,544 - training - INFO -   Maize-Healthy-GAN-Stylegan3: 465 images
2025-07-15 22:36:25,547 - training - INFO -   Maize-Healthy-Real-Real: 1000 images
2025-07-15 22:36:25,551 - training - INFO -   Maize-Unhealthy-Diffusion-DS8: 1000 images
2025-07-15 22:36:25,554 - training - INFO -   Maize-Unhealthy-Diffusion-SPx2Px: 1000 images
2025-07-15 22:36:25,572 - training - INFO -   Maize-Unhealthy-GAN-StyleGAN2: 6000 images
2025-07-15 22:36:25,572 - training - INFO -   Maize-Unhealthy-GAN-Stylegan3: 0 images
2025-07-15 22:36:25,572 - training - WARNING -   Skipping empty class directory: Maize-Unhealthy-GAN-Stylegan3
2025-07-15 22:36:25,575 - training - INFO -   Maize-Unhealthy-Real-Real: 1000 images
2025-07-15 22:36:25,575 - training - INFO - Filtered to 9 non-empty classes.
2025-07-15 22:36:25,575 - training - INFO - Total samples across valid classes: 18465
2025-07-15 22:36:25,575 - training - INFO - Using detailed classification (all subdirectories as separate classes)
2025-07-15 22:36:25,789 - timm.models._builder - INFO - Loading pretrained weights from Hugging Face hub (timm/resnet50.a1_in1k)
2025-07-15 22:36:25,792 - urllib3.connectionpool - DEBUG - Resetting dropped connection: huggingface.co
2025-07-15 22:36:26,006 - urllib3.connectionpool - DEBUG - https://huggingface.co:443 "HEAD /timm/resnet50.a1_in1k/resolve/main/model.safetensors HTTP/1.1" 401 0
2025-07-15 22:36:26,405 - training - INFO - Starting training for 50 epochs
2025-07-15 22:36:26,405 - training - INFO - 
Epoch 1/50
2025-07-15 22:36:26,405 - training - INFO - --------------------------------------------------
2025-07-15 22:39:22,090 - training - INFO - Learning rate: 0.000999
2025-07-15 22:39:22,090 - training - INFO - Train Loss: 1.4715, Train Acc: 30.14%
2025-07-15 22:39:22,090 - training - INFO - Val Loss: 1.2467, Val Acc: 17.95%
2025-07-15 22:39:22,090 - training - INFO - New best model! Saving to ./outputs/comprehensive_plant_classification_20250715_221931/Maize_detailed_resnet50_best_model.pth
2025-07-15 22:39:22,344 - training - ERROR - Failed to save checkpoint to ./outputs/comprehensive_plant_classification_20250715_221931/Maize_detailed_resnet50_best_model.pth: [enforce fail at inline_container.cc:659] . unexpected pos 17534720 vs 17534616
2025-07-15 22:39:22,344 - __main__ - ERROR - X Failed: Maize - 10-way - resnet50
2025-07-15 22:39:22,344 - __main__ - ERROR -   Error: [enforce fail at inline_container.cc:659] . unexpected pos 17534720 vs 17534616
2025-07-15 22:39:22,348 - __main__ - INFO - 
============================================================
2025-07-15 22:39:22,348 - __main__ - INFO - Experiment 3/4
2025-07-15 22:39:22,348 - __main__ - INFO - Plant: Maize, Classification: 10-way (detailed), Model: clip
2025-07-15 22:39:22,348 - __main__ - INFO - ============================================================
2025-07-15 22:39:22,348 - __main__ - INFO - Training clip for Maize - detailed classification
2025-07-15 22:39:22,352 - training - INFO - Looking for plant: Maize in directory: ./datasets
2025-07-15 22:39:22,352 - training - INFO - Root directory exists: True
2025-07-15 22:39:22,354 - training - INFO - All directories in root: ['Apple-Unhealthy-Diffusion-SPx2Px', 'Maize-Unhealthy-GAN-Stylegan3', 'Maize-Unhealthy-GAN-StyleGAN2', 'Tomato-Healthy-Diffusion-SPx2Px', 'Maize-Healthy-Diffusion-DS8', 'Apple-Unhealthy-GAN-Stylegan3', 'Tomato-Unhealthy-Diffusion-SPx2Px', 'Tomato-Unhealthy--Real-Real', 'Apple-Unhealthy-GAN-StyleGAN2', 'Tomato-Healthy-Real-Real', 'Tomato-Healthy-Diffusion-DS8', 'Tomato-Unhealthy-GAN-StyleGAN2', 'Apple-Healthy-Diffusion-SPx2Px', 'Apple-Unhealthy-Real-Real', 'Maize-Unhealthy-Real-Real', 'Maize-Healthy-Real-Real', 'Tomato-Unhealthy-GAN-Stylegan3', 'Apple-Healthy-Diffusion-DS8', 'Maize-Unhealthy-Diffusion-SPx2Px', 'Apple-Healthy-Real-Real', 'Maize-Healthy-GAN-StyleGAN2', 'Maize-Unhealthy-Diffusion-DS8', 'Maize-Healthy-GAN-Stylegan3', 'Apple-Unhealthy-Diffusion-DS8', 'Tomato-Healthy-GAN-Stylegan3', 'Tomato-Healthy-GAN-StyleGAN2', 'Maize-Healthy-Diffusion-SPx2Px', 'Tomato-Unhealthy-Diffusion-DS8', 'Apple-Healthy-GAN-Stylegan3', 'Apple-Healthy-GAN-StyleGAN2']
2025-07-15 22:39:22,354 - training - INFO - Found directories for Maize: ['Maize-Unhealthy-GAN-Stylegan3', 'Maize-Unhealthy-GAN-StyleGAN2', 'Maize-Healthy-Diffusion-DS8', 'Maize-Unhealthy-Real-Real', 'Maize-Healthy-Real-Real', 'Maize-Unhealthy-Diffusion-SPx2Px', 'Maize-Healthy-GAN-StyleGAN2', 'Maize-Unhealthy-Diffusion-DS8', 'Maize-Healthy-GAN-Stylegan3', 'Maize-Healthy-Diffusion-SPx2Px']
2025-07-15 22:39:22,354 - training - INFO - Full paths: ['./datasets/Maize-Unhealthy-GAN-Stylegan3', './datasets/Maize-Unhealthy-GAN-StyleGAN2', './datasets/Maize-Healthy-Diffusion-DS8', './datasets/Maize-Unhealthy-Real-Real', './datasets/Maize-Healthy-Real-Real', './datasets/Maize-Unhealthy-Diffusion-SPx2Px', './datasets/Maize-Healthy-GAN-StyleGAN2', './datasets/Maize-Unhealthy-Diffusion-DS8', './datasets/Maize-Healthy-GAN-Stylegan3', './datasets/Maize-Healthy-Diffusion-SPx2Px']
2025-07-15 22:39:22,354 - training - INFO - Found 10 classes for Maize
2025-07-15 22:39:22,354 - training - INFO - Classes: ['Maize-Healthy-Diffusion-DS8', 'Maize-Healthy-Diffusion-SPx2Px', 'Maize-Healthy-GAN-StyleGAN2', 'Maize-Healthy-GAN-Stylegan3', 'Maize-Healthy-Real-Real', 'Maize-Unhealthy-Diffusion-DS8', 'Maize-Unhealthy-Diffusion-SPx2Px', 'Maize-Unhealthy-GAN-StyleGAN2', 'Maize-Unhealthy-GAN-Stylegan3', 'Maize-Unhealthy-Real-Real']
2025-07-15 22:39:22,362 - training - INFO -   Maize-Healthy-Diffusion-DS8: 1000 images
2025-07-15 22:39:22,371 - training - INFO -   Maize-Healthy-Diffusion-SPx2Px: 1000 images
2025-07-15 22:39:22,418 - training - INFO -   Maize-Healthy-GAN-StyleGAN2: 6000 images
2025-07-15 22:39:22,421 - training - INFO -   Maize-Healthy-GAN-Stylegan3: 465 images
2025-07-15 22:39:22,427 - training - INFO -   Maize-Healthy-Real-Real: 1000 images
2025-07-15 22:39:22,432 - training - INFO -   Maize-Unhealthy-Diffusion-DS8: 1000 images
2025-07-15 22:39:22,439 - training - INFO -   Maize-Unhealthy-Diffusion-SPx2Px: 1000 images
2025-07-15 22:39:22,465 - training - INFO -   Maize-Unhealthy-GAN-StyleGAN2: 6000 images
2025-07-15 22:39:22,466 - training - INFO -   Maize-Unhealthy-GAN-Stylegan3: 0 images
2025-07-15 22:39:22,466 - training - WARNING -   Skipping empty class directory: Maize-Unhealthy-GAN-Stylegan3
2025-07-15 22:39:22,471 - training - INFO -   Maize-Unhealthy-Real-Real: 1000 images
2025-07-15 22:39:22,471 - training - INFO - Filtered to 9 non-empty classes.
2025-07-15 22:39:22,472 - training - INFO - Total samples across valid classes: 18465
2025-07-15 22:39:22,472 - training - INFO - Using detailed classification (all subdirectories as separate classes)
2025-07-15 22:39:22,472 - training - INFO - Dataset split: train=12925, val=2769, test=2771
2025-07-15 22:39:22,472 - training - INFO - Looking for plant: Maize in directory: ./datasets
2025-07-15 22:39:22,472 - training - INFO - Root directory exists: True
2025-07-15 22:39:22,472 - training - INFO - All directories in root: ['Apple-Unhealthy-Diffusion-SPx2Px', 'Maize-Unhealthy-GAN-Stylegan3', 'Maize-Unhealthy-GAN-StyleGAN2', 'Tomato-Healthy-Diffusion-SPx2Px', 'Maize-Healthy-Diffusion-DS8', 'Apple-Unhealthy-GAN-Stylegan3', 'Tomato-Unhealthy-Diffusion-SPx2Px', 'Tomato-Unhealthy--Real-Real', 'Apple-Unhealthy-GAN-StyleGAN2', 'Tomato-Healthy-Real-Real', 'Tomato-Healthy-Diffusion-DS8', 'Tomato-Unhealthy-GAN-StyleGAN2', 'Apple-Healthy-Diffusion-SPx2Px', 'Apple-Unhealthy-Real-Real', 'Maize-Unhealthy-Real-Real', 'Maize-Healthy-Real-Real', 'Tomato-Unhealthy-GAN-Stylegan3', 'Apple-Healthy-Diffusion-DS8', 'Maize-Unhealthy-Diffusion-SPx2Px', 'Apple-Healthy-Real-Real', 'Maize-Healthy-GAN-StyleGAN2', 'Maize-Unhealthy-Diffusion-DS8', 'Maize-Healthy-GAN-Stylegan3', 'Apple-Unhealthy-Diffusion-DS8', 'Tomato-Healthy-GAN-Stylegan3', 'Tomato-Healthy-GAN-StyleGAN2', 'Maize-Healthy-Diffusion-SPx2Px', 'Tomato-Unhealthy-Diffusion-DS8', 'Apple-Healthy-GAN-Stylegan3', 'Apple-Healthy-GAN-StyleGAN2']
2025-07-15 22:39:22,472 - training - INFO - Found directories for Maize: ['Maize-Unhealthy-GAN-Stylegan3', 'Maize-Unhealthy-GAN-StyleGAN2', 'Maize-Healthy-Diffusion-DS8', 'Maize-Unhealthy-Real-Real', 'Maize-Healthy-Real-Real', 'Maize-Unhealthy-Diffusion-SPx2Px', 'Maize-Healthy-GAN-StyleGAN2', 'Maize-Unhealthy-Diffusion-DS8', 'Maize-Healthy-GAN-Stylegan3', 'Maize-Healthy-Diffusion-SPx2Px']
2025-07-15 22:39:22,472 - training - INFO - Full paths: ['./datasets/Maize-Unhealthy-GAN-Stylegan3', './datasets/Maize-Unhealthy-GAN-StyleGAN2', './datasets/Maize-Healthy-Diffusion-DS8', './datasets/Maize-Unhealthy-Real-Real', './datasets/Maize-Healthy-Real-Real', './datasets/Maize-Unhealthy-Diffusion-SPx2Px', './datasets/Maize-Healthy-GAN-StyleGAN2', './datasets/Maize-Unhealthy-Diffusion-DS8', './datasets/Maize-Healthy-GAN-Stylegan3', './datasets/Maize-Healthy-Diffusion-SPx2Px']
2025-07-15 22:39:22,472 - training - INFO - Found 10 classes for Maize
2025-07-15 22:39:22,472 - training - INFO - Classes: ['Maize-Healthy-Diffusion-DS8', 'Maize-Healthy-Diffusion-SPx2Px', 'Maize-Healthy-GAN-StyleGAN2', 'Maize-Healthy-GAN-Stylegan3', 'Maize-Healthy-Real-Real', 'Maize-Unhealthy-Diffusion-DS8', 'Maize-Unhealthy-Diffusion-SPx2Px', 'Maize-Unhealthy-GAN-StyleGAN2', 'Maize-Unhealthy-GAN-Stylegan3', 'Maize-Unhealthy-Real-Real']
2025-07-15 22:39:22,476 - training - INFO -   Maize-Healthy-Diffusion-DS8: 1000 images
2025-07-15 22:39:22,479 - training - INFO -   Maize-Healthy-Diffusion-SPx2Px: 1000 images
2025-07-15 22:39:22,498 - training - INFO -   Maize-Healthy-GAN-StyleGAN2: 6000 images
2025-07-15 22:39:22,500 - training - INFO -   Maize-Healthy-GAN-Stylegan3: 465 images
2025-07-15 22:39:22,503 - training - INFO -   Maize-Healthy-Real-Real: 1000 images
2025-07-15 22:39:22,507 - training - INFO -   Maize-Unhealthy-Diffusion-DS8: 1000 images
2025-07-15 22:39:22,511 - training - INFO -   Maize-Unhealthy-Diffusion-SPx2Px: 1000 images
2025-07-15 22:39:22,529 - training - INFO -   Maize-Unhealthy-GAN-StyleGAN2: 6000 images
2025-07-15 22:39:22,530 - training - INFO -   Maize-Unhealthy-GAN-Stylegan3: 0 images
2025-07-15 22:39:22,530 - training - WARNING -   Skipping empty class directory: Maize-Unhealthy-GAN-Stylegan3
2025-07-15 22:39:22,533 - training - INFO -   Maize-Unhealthy-Real-Real: 1000 images
2025-07-15 22:39:22,533 - training - INFO - Filtered to 9 non-empty classes.
2025-07-15 22:39:22,533 - training - INFO - Total samples across valid classes: 18465
2025-07-15 22:39:22,533 - training - INFO - Using detailed classification (all subdirectories as separate classes)
2025-07-15 22:39:22,534 - training - INFO - Looking for plant: Maize in directory: ./datasets
2025-07-15 22:39:22,534 - training - INFO - Root directory exists: True
2025-07-15 22:39:22,534 - training - INFO - All directories in root: ['Apple-Unhealthy-Diffusion-SPx2Px', 'Maize-Unhealthy-GAN-Stylegan3', 'Maize-Unhealthy-GAN-StyleGAN2', 'Tomato-Healthy-Diffusion-SPx2Px', 'Maize-Healthy-Diffusion-DS8', 'Apple-Unhealthy-GAN-Stylegan3', 'Tomato-Unhealthy-Diffusion-SPx2Px', 'Tomato-Unhealthy--Real-Real', 'Apple-Unhealthy-GAN-StyleGAN2', 'Tomato-Healthy-Real-Real', 'Tomato-Healthy-Diffusion-DS8', 'Tomato-Unhealthy-GAN-StyleGAN2', 'Apple-Healthy-Diffusion-SPx2Px', 'Apple-Unhealthy-Real-Real', 'Maize-Unhealthy-Real-Real', 'Maize-Healthy-Real-Real', 'Tomato-Unhealthy-GAN-Stylegan3', 'Apple-Healthy-Diffusion-DS8', 'Maize-Unhealthy-Diffusion-SPx2Px', 'Apple-Healthy-Real-Real', 'Maize-Healthy-GAN-StyleGAN2', 'Maize-Unhealthy-Diffusion-DS8', 'Maize-Healthy-GAN-Stylegan3', 'Apple-Unhealthy-Diffusion-DS8', 'Tomato-Healthy-GAN-Stylegan3', 'Tomato-Healthy-GAN-StyleGAN2', 'Maize-Healthy-Diffusion-SPx2Px', 'Tomato-Unhealthy-Diffusion-DS8', 'Apple-Healthy-GAN-Stylegan3', 'Apple-Healthy-GAN-StyleGAN2']
2025-07-15 22:39:22,534 - training - INFO - Found directories for Maize: ['Maize-Unhealthy-GAN-Stylegan3', 'Maize-Unhealthy-GAN-StyleGAN2', 'Maize-Healthy-Diffusion-DS8', 'Maize-Unhealthy-Real-Real', 'Maize-Healthy-Real-Real', 'Maize-Unhealthy-Diffusion-SPx2Px', 'Maize-Healthy-GAN-StyleGAN2', 'Maize-Unhealthy-Diffusion-DS8', 'Maize-Healthy-GAN-Stylegan3', 'Maize-Healthy-Diffusion-SPx2Px']
2025-07-15 22:39:22,534 - training - INFO - Full paths: ['./datasets/Maize-Unhealthy-GAN-Stylegan3', './datasets/Maize-Unhealthy-GAN-StyleGAN2', './datasets/Maize-Healthy-Diffusion-DS8', './datasets/Maize-Unhealthy-Real-Real', './datasets/Maize-Healthy-Real-Real', './datasets/Maize-Unhealthy-Diffusion-SPx2Px', './datasets/Maize-Healthy-GAN-StyleGAN2', './datasets/Maize-Unhealthy-Diffusion-DS8', './datasets/Maize-Healthy-GAN-Stylegan3', './datasets/Maize-Healthy-Diffusion-SPx2Px']
2025-07-15 22:39:22,534 - training - INFO - Found 10 classes for Maize
2025-07-15 22:39:22,534 - training - INFO - Classes: ['Maize-Healthy-Diffusion-DS8', 'Maize-Healthy-Diffusion-SPx2Px', 'Maize-Healthy-GAN-StyleGAN2', 'Maize-Healthy-GAN-Stylegan3', 'Maize-Healthy-Real-Real', 'Maize-Unhealthy-Diffusion-DS8', 'Maize-Unhealthy-Diffusion-SPx2Px', 'Maize-Unhealthy-GAN-StyleGAN2', 'Maize-Unhealthy-GAN-Stylegan3', 'Maize-Unhealthy-Real-Real']
2025-07-15 22:39:22,537 - training - INFO -   Maize-Healthy-Diffusion-DS8: 1000 images
2025-07-15 22:39:22,541 - training - INFO -   Maize-Healthy-Diffusion-SPx2Px: 1000 images
2025-07-15 22:39:22,559 - training - INFO -   Maize-Healthy-GAN-StyleGAN2: 6000 images
2025-07-15 22:39:22,561 - training - INFO -   Maize-Healthy-GAN-Stylegan3: 465 images
2025-07-15 22:39:22,565 - training - INFO -   Maize-Healthy-Real-Real: 1000 images
2025-07-15 22:39:22,568 - training - INFO -   Maize-Unhealthy-Diffusion-DS8: 1000 images
2025-07-15 22:39:22,571 - training - INFO -   Maize-Unhealthy-Diffusion-SPx2Px: 1000 images
2025-07-15 22:39:22,589 - training - INFO -   Maize-Unhealthy-GAN-StyleGAN2: 6000 images
2025-07-15 22:39:22,590 - training - INFO -   Maize-Unhealthy-GAN-Stylegan3: 0 images
2025-07-15 22:39:22,590 - training - WARNING -   Skipping empty class directory: Maize-Unhealthy-GAN-Stylegan3
2025-07-15 22:39:22,593 - training - INFO -   Maize-Unhealthy-Real-Real: 1000 images
2025-07-15 22:39:22,593 - training - INFO - Filtered to 9 non-empty classes.
2025-07-15 22:39:22,593 - training - INFO - Total samples across valid classes: 18465
2025-07-15 22:39:22,593 - training - INFO - Using detailed classification (all subdirectories as separate classes)
2025-07-15 22:39:24,838 - training - INFO - Starting training for 50 epochs
2025-07-15 22:39:24,839 - training - INFO - 
Epoch 1/50
2025-07-15 22:39:24,839 - training - INFO - --------------------------------------------------
2025-07-15 22:40:44,418 - training - INFO - Learning rate: 0.000100
2025-07-15 22:40:44,420 - training - INFO - Train Loss: 1.6487, Train Acc: 46.40%
2025-07-15 22:40:44,420 - training - INFO - Val Loss: 1.3541, Val Acc: 59.37%
2025-07-15 22:40:44,420 - training - INFO - New best model! Saving to ./outputs/comprehensive_plant_classification_20250715_221931/Maize_detailed_clip_best_model.pth
2025-07-15 22:40:44,875 - training - ERROR - Failed to save checkpoint to ./outputs/comprehensive_plant_classification_20250715_221931/Maize_detailed_clip_best_model.pth: [enforce fail at inline_container.cc:659] . unexpected pos 31347264 vs 31347152
2025-07-15 22:40:44,876 - __main__ - ERROR - X Failed: Maize - 10-way - clip
2025-07-15 22:40:44,876 - __main__ - ERROR -   Error: [enforce fail at inline_container.cc:659] . unexpected pos 31347264 vs 31347152
2025-07-15 22:41:24,902 - __main__ - INFO - 
============================================================
2025-07-15 22:41:24,903 - __main__ - INFO - Experiment 4/4
2025-07-15 22:41:24,903 - __main__ - INFO - Plant: Tomato, Classification: 2-way (binary), Model: clip
2025-07-15 22:41:24,903 - __main__ - INFO - ============================================================
2025-07-15 22:41:24,903 - __main__ - INFO - Training clip for Tomato - binary classification
2025-07-15 22:41:24,906 - training - INFO - Looking for plant: Tomato in directory: ./datasets
2025-07-15 22:41:24,906 - training - INFO - Root directory exists: True
2025-07-15 22:41:24,907 - training - INFO - All directories in root: ['Apple-Unhealthy-Diffusion-SPx2Px', 'Maize-Unhealthy-GAN-Stylegan3', 'Maize-Unhealthy-GAN-StyleGAN2', 'Tomato-Healthy-Diffusion-SPx2Px', 'Maize-Healthy-Diffusion-DS8', 'Apple-Unhealthy-GAN-Stylegan3', 'Tomato-Unhealthy-Diffusion-SPx2Px', 'Tomato-Unhealthy--Real-Real', 'Apple-Unhealthy-GAN-StyleGAN2', 'Tomato-Healthy-Real-Real', 'Tomato-Healthy-Diffusion-DS8', 'Tomato-Unhealthy-GAN-StyleGAN2', 'Apple-Healthy-Diffusion-SPx2Px', 'Apple-Unhealthy-Real-Real', 'Maize-Unhealthy-Real-Real', 'Maize-Healthy-Real-Real', 'Tomato-Unhealthy-GAN-Stylegan3', 'Apple-Healthy-Diffusion-DS8', 'Maize-Unhealthy-Diffusion-SPx2Px', 'Apple-Healthy-Real-Real', 'Maize-Healthy-GAN-StyleGAN2', 'Maize-Unhealthy-Diffusion-DS8', 'Maize-Healthy-GAN-Stylegan3', 'Apple-Unhealthy-Diffusion-DS8', 'Tomato-Healthy-GAN-Stylegan3', 'Tomato-Healthy-GAN-StyleGAN2', 'Maize-Healthy-Diffusion-SPx2Px', 'Tomato-Unhealthy-Diffusion-DS8', 'Apple-Healthy-GAN-Stylegan3', 'Apple-Healthy-GAN-StyleGAN2']
2025-07-15 22:41:24,907 - training - INFO - Found directories for Tomato: ['Tomato-Healthy-Diffusion-SPx2Px', 'Tomato-Unhealthy-Diffusion-SPx2Px', 'Tomato-Unhealthy--Real-Real', 'Tomato-Healthy-Real-Real', 'Tomato-Healthy-Diffusion-DS8', 'Tomato-Unhealthy-GAN-StyleGAN2', 'Tomato-Unhealthy-GAN-Stylegan3', 'Tomato-Healthy-GAN-Stylegan3', 'Tomato-Healthy-GAN-StyleGAN2', 'Tomato-Unhealthy-Diffusion-DS8']
2025-07-15 22:41:24,907 - training - INFO - Full paths: ['./datasets/Tomato-Healthy-Diffusion-SPx2Px', './datasets/Tomato-Unhealthy-Diffusion-SPx2Px', './datasets/Tomato-Unhealthy--Real-Real', './datasets/Tomato-Healthy-Real-Real', './datasets/Tomato-Healthy-Diffusion-DS8', './datasets/Tomato-Unhealthy-GAN-StyleGAN2', './datasets/Tomato-Unhealthy-GAN-Stylegan3', './datasets/Tomato-Healthy-GAN-Stylegan3', './datasets/Tomato-Healthy-GAN-StyleGAN2', './datasets/Tomato-Unhealthy-Diffusion-DS8']
2025-07-15 22:41:24,907 - training - INFO - Found 10 classes for Tomato
2025-07-15 22:41:24,908 - training - INFO - Classes: ['Tomato-Healthy-Diffusion-DS8', 'Tomato-Healthy-Diffusion-SPx2Px', 'Tomato-Healthy-GAN-StyleGAN2', 'Tomato-Healthy-GAN-Stylegan3', 'Tomato-Healthy-Real-Real', 'Tomato-Unhealthy--Real-Real', 'Tomato-Unhealthy-Diffusion-DS8', 'Tomato-Unhealthy-Diffusion-SPx2Px', 'Tomato-Unhealthy-GAN-StyleGAN2', 'Tomato-Unhealthy-GAN-Stylegan3']
2025-07-15 22:41:24,914 - training - INFO -   Tomato-Healthy-Diffusion-DS8: 1000 images
2025-07-15 22:41:24,919 - training - INFO -   Tomato-Healthy-Diffusion-SPx2Px: 1000 images
2025-07-15 22:41:24,945 - training - INFO -   Tomato-Healthy-GAN-StyleGAN2: 6000 images
2025-07-15 22:41:24,959 - training - INFO -   Tomato-Healthy-GAN-Stylegan3: 3124 images
2025-07-15 22:41:24,965 - training - INFO -   Tomato-Healthy-Real-Real: 1000 images
2025-07-15 22:41:24,970 - training - INFO -   Tomato-Unhealthy--Real-Real: 1000 images
2025-07-15 22:41:24,976 - training - INFO -   Tomato-Unhealthy-Diffusion-DS8: 1000 images
2025-07-15 22:41:24,982 - training - INFO -   Tomato-Unhealthy-Diffusion-SPx2Px: 1000 images
2025-07-15 22:41:25,008 - training - INFO -   Tomato-Unhealthy-GAN-StyleGAN2: 6000 images
2025-07-15 22:41:25,035 - training - INFO -   Tomato-Unhealthy-GAN-Stylegan3: 6000 images
2025-07-15 22:41:25,035 - training - INFO - Filtered to 10 non-empty classes.
2025-07-15 22:41:25,035 - training - INFO - Total samples across valid classes: 27124
2025-07-15 22:41:25,035 - training - INFO - Converting to binary classification (Healthy vs Unhealthy)
2025-07-15 22:41:25,047 - training - INFO - Binary classification: Healthy=12124, Unhealthy=15000
2025-07-15 22:41:25,047 - training - INFO - Dataset split: train=18986, val=4068, test=4070
2025-07-15 22:41:25,050 - training - INFO - Looking for plant: Tomato in directory: ./datasets
2025-07-15 22:41:25,050 - training - INFO - Root directory exists: True
2025-07-15 22:41:25,050 - training - INFO - All directories in root: ['Apple-Unhealthy-Diffusion-SPx2Px', 'Maize-Unhealthy-GAN-Stylegan3', 'Maize-Unhealthy-GAN-StyleGAN2', 'Tomato-Healthy-Diffusion-SPx2Px', 'Maize-Healthy-Diffusion-DS8', 'Apple-Unhealthy-GAN-Stylegan3', 'Tomato-Unhealthy-Diffusion-SPx2Px', 'Tomato-Unhealthy--Real-Real', 'Apple-Unhealthy-GAN-StyleGAN2', 'Tomato-Healthy-Real-Real', 'Tomato-Healthy-Diffusion-DS8', 'Tomato-Unhealthy-GAN-StyleGAN2', 'Apple-Healthy-Diffusion-SPx2Px', 'Apple-Unhealthy-Real-Real', 'Maize-Unhealthy-Real-Real', 'Maize-Healthy-Real-Real', 'Tomato-Unhealthy-GAN-Stylegan3', 'Apple-Healthy-Diffusion-DS8', 'Maize-Unhealthy-Diffusion-SPx2Px', 'Apple-Healthy-Real-Real', 'Maize-Healthy-GAN-StyleGAN2', 'Maize-Unhealthy-Diffusion-DS8', 'Maize-Healthy-GAN-Stylegan3', 'Apple-Unhealthy-Diffusion-DS8', 'Tomato-Healthy-GAN-Stylegan3', 'Tomato-Healthy-GAN-StyleGAN2', 'Maize-Healthy-Diffusion-SPx2Px', 'Tomato-Unhealthy-Diffusion-DS8', 'Apple-Healthy-GAN-Stylegan3', 'Apple-Healthy-GAN-StyleGAN2']
2025-07-15 22:41:25,050 - training - INFO - Found directories for Tomato: ['Tomato-Healthy-Diffusion-SPx2Px', 'Tomato-Unhealthy-Diffusion-SPx2Px', 'Tomato-Unhealthy--Real-Real', 'Tomato-Healthy-Real-Real', 'Tomato-Healthy-Diffusion-DS8', 'Tomato-Unhealthy-GAN-StyleGAN2', 'Tomato-Unhealthy-GAN-Stylegan3', 'Tomato-Healthy-GAN-Stylegan3', 'Tomato-Healthy-GAN-StyleGAN2', 'Tomato-Unhealthy-Diffusion-DS8']
2025-07-15 22:41:25,050 - training - INFO - Full paths: ['./datasets/Tomato-Healthy-Diffusion-SPx2Px', './datasets/Tomato-Unhealthy-Diffusion-SPx2Px', './datasets/Tomato-Unhealthy--Real-Real', './datasets/Tomato-Healthy-Real-Real', './datasets/Tomato-Healthy-Diffusion-DS8', './datasets/Tomato-Unhealthy-GAN-StyleGAN2', './datasets/Tomato-Unhealthy-GAN-Stylegan3', './datasets/Tomato-Healthy-GAN-Stylegan3', './datasets/Tomato-Healthy-GAN-StyleGAN2', './datasets/Tomato-Unhealthy-Diffusion-DS8']
2025-07-15 22:41:25,050 - training - INFO - Found 10 classes for Tomato
2025-07-15 22:41:25,050 - training - INFO - Classes: ['Tomato-Healthy-Diffusion-DS8', 'Tomato-Healthy-Diffusion-SPx2Px', 'Tomato-Healthy-GAN-StyleGAN2', 'Tomato-Healthy-GAN-Stylegan3', 'Tomato-Healthy-Real-Real', 'Tomato-Unhealthy--Real-Real', 'Tomato-Unhealthy-Diffusion-DS8', 'Tomato-Unhealthy-Diffusion-SPx2Px', 'Tomato-Unhealthy-GAN-StyleGAN2', 'Tomato-Unhealthy-GAN-Stylegan3']
2025-07-15 22:41:25,053 - training - INFO -   Tomato-Healthy-Diffusion-DS8: 1000 images
2025-07-15 22:41:25,057 - training - INFO -   Tomato-Healthy-Diffusion-SPx2Px: 1000 images
2025-07-15 22:41:25,075 - training - INFO -   Tomato-Healthy-GAN-StyleGAN2: 6000 images
2025-07-15 22:41:25,085 - training - INFO -   Tomato-Healthy-GAN-Stylegan3: 3124 images
2025-07-15 22:41:25,089 - training - INFO -   Tomato-Healthy-Real-Real: 1000 images
2025-07-15 22:41:25,092 - training - INFO -   Tomato-Unhealthy--Real-Real: 1000 images
2025-07-15 22:41:25,095 - training - INFO -   Tomato-Unhealthy-Diffusion-DS8: 1000 images
2025-07-15 22:41:25,099 - training - INFO -   Tomato-Unhealthy-Diffusion-SPx2Px: 1000 images
2025-07-15 22:41:25,117 - training - INFO -   Tomato-Unhealthy-GAN-StyleGAN2: 6000 images
2025-07-15 22:41:25,136 - training - INFO -   Tomato-Unhealthy-GAN-Stylegan3: 6000 images
2025-07-15 22:41:25,136 - training - INFO - Filtered to 10 non-empty classes.
2025-07-15 22:41:25,137 - training - INFO - Total samples across valid classes: 27124
2025-07-15 22:41:25,137 - training - INFO - Converting to binary classification (Healthy vs Unhealthy)
2025-07-15 22:41:25,149 - training - INFO - Binary classification: Healthy=12124, Unhealthy=15000
2025-07-15 22:41:25,149 - training - INFO - Looking for plant: Tomato in directory: ./datasets
2025-07-15 22:41:25,149 - training - INFO - Root directory exists: True
2025-07-15 22:41:25,150 - training - INFO - All directories in root: ['Apple-Unhealthy-Diffusion-SPx2Px', 'Maize-Unhealthy-GAN-Stylegan3', 'Maize-Unhealthy-GAN-StyleGAN2', 'Tomato-Healthy-Diffusion-SPx2Px', 'Maize-Healthy-Diffusion-DS8', 'Apple-Unhealthy-GAN-Stylegan3', 'Tomato-Unhealthy-Diffusion-SPx2Px', 'Tomato-Unhealthy--Real-Real', 'Apple-Unhealthy-GAN-StyleGAN2', 'Tomato-Healthy-Real-Real', 'Tomato-Healthy-Diffusion-DS8', 'Tomato-Unhealthy-GAN-StyleGAN2', 'Apple-Healthy-Diffusion-SPx2Px', 'Apple-Unhealthy-Real-Real', 'Maize-Unhealthy-Real-Real', 'Maize-Healthy-Real-Real', 'Tomato-Unhealthy-GAN-Stylegan3', 'Apple-Healthy-Diffusion-DS8', 'Maize-Unhealthy-Diffusion-SPx2Px', 'Apple-Healthy-Real-Real', 'Maize-Healthy-GAN-StyleGAN2', 'Maize-Unhealthy-Diffusion-DS8', 'Maize-Healthy-GAN-Stylegan3', 'Apple-Unhealthy-Diffusion-DS8', 'Tomato-Healthy-GAN-Stylegan3', 'Tomato-Healthy-GAN-StyleGAN2', 'Maize-Healthy-Diffusion-SPx2Px', 'Tomato-Unhealthy-Diffusion-DS8', 'Apple-Healthy-GAN-Stylegan3', 'Apple-Healthy-GAN-StyleGAN2']
2025-07-15 22:41:25,150 - training - INFO - Found directories for Tomato: ['Tomato-Healthy-Diffusion-SPx2Px', 'Tomato-Unhealthy-Diffusion-SPx2Px', 'Tomato-Unhealthy--Real-Real', 'Tomato-Healthy-Real-Real', 'Tomato-Healthy-Diffusion-DS8', 'Tomato-Unhealthy-GAN-StyleGAN2', 'Tomato-Unhealthy-GAN-Stylegan3', 'Tomato-Healthy-GAN-Stylegan3', 'Tomato-Healthy-GAN-StyleGAN2', 'Tomato-Unhealthy-Diffusion-DS8']
2025-07-15 22:41:25,150 - training - INFO - Full paths: ['./datasets/Tomato-Healthy-Diffusion-SPx2Px', './datasets/Tomato-Unhealthy-Diffusion-SPx2Px', './datasets/Tomato-Unhealthy--Real-Real', './datasets/Tomato-Healthy-Real-Real', './datasets/Tomato-Healthy-Diffusion-DS8', './datasets/Tomato-Unhealthy-GAN-StyleGAN2', './datasets/Tomato-Unhealthy-GAN-Stylegan3', './datasets/Tomato-Healthy-GAN-Stylegan3', './datasets/Tomato-Healthy-GAN-StyleGAN2', './datasets/Tomato-Unhealthy-Diffusion-DS8']
2025-07-15 22:41:25,150 - training - INFO - Found 10 classes for Tomato
2025-07-15 22:41:25,150 - training - INFO - Classes: ['Tomato-Healthy-Diffusion-DS8', 'Tomato-Healthy-Diffusion-SPx2Px', 'Tomato-Healthy-GAN-StyleGAN2', 'Tomato-Healthy-GAN-Stylegan3', 'Tomato-Healthy-Real-Real', 'Tomato-Unhealthy--Real-Real', 'Tomato-Unhealthy-Diffusion-DS8', 'Tomato-Unhealthy-Diffusion-SPx2Px', 'Tomato-Unhealthy-GAN-StyleGAN2', 'Tomato-Unhealthy-GAN-Stylegan3']
2025-07-15 22:41:25,153 - training - INFO -   Tomato-Healthy-Diffusion-DS8: 1000 images
2025-07-15 22:41:25,156 - training - INFO -   Tomato-Healthy-Diffusion-SPx2Px: 1000 images
2025-07-15 22:41:25,175 - training - INFO -   Tomato-Healthy-GAN-StyleGAN2: 6000 images
2025-07-15 22:41:25,185 - training - INFO -   Tomato-Healthy-GAN-Stylegan3: 3124 images
2025-07-15 22:41:25,188 - training - INFO -   Tomato-Healthy-Real-Real: 1000 images
2025-07-15 22:41:25,191 - training - INFO -   Tomato-Unhealthy--Real-Real: 1000 images
2025-07-15 22:41:25,195 - training - INFO -   Tomato-Unhealthy-Diffusion-DS8: 1000 images
2025-07-15 22:41:25,199 - training - INFO -   Tomato-Unhealthy-Diffusion-SPx2Px: 1000 images
2025-07-15 22:41:25,217 - training - INFO -   Tomato-Unhealthy-GAN-StyleGAN2: 6000 images
2025-07-15 22:41:25,237 - training - INFO -   Tomato-Unhealthy-GAN-Stylegan3: 6000 images
2025-07-15 22:41:25,237 - training - INFO - Filtered to 10 non-empty classes.
2025-07-15 22:41:25,237 - training - INFO - Total samples across valid classes: 27124
2025-07-15 22:41:25,237 - training - INFO - Converting to binary classification (Healthy vs Unhealthy)
2025-07-15 22:41:25,249 - training - INFO - Binary classification: Healthy=12124, Unhealthy=15000
2025-07-15 22:41:27,479 - training - INFO - Starting training for 50 epochs
2025-07-15 22:41:27,479 - training - INFO - 
Epoch 1/50
2025-07-15 22:41:27,479 - training - INFO - --------------------------------------------------
2025-07-15 22:42:59,277 - training - INFO - Learning rate: 0.000100
2025-07-15 22:42:59,279 - training - INFO - Train Loss: 0.1585, Train Acc: 95.70%
2025-07-15 22:42:59,279 - training - INFO - Val Loss: 0.0471, Val Acc: 98.65%
2025-07-15 22:42:59,279 - training - INFO - New best model! Saving to ./outputs/comprehensive_plant_classification_20250715_221931/Tomato_binary_clip_best_model.pth
2025-07-15 22:42:59,309 - training - ERROR - Failed to save checkpoint to ./outputs/comprehensive_plant_classification_20250715_221931/Tomato_binary_clip_best_model.pth: File ./outputs/comprehensive_plant_classification_20250715_221931/Tomato_binary_clip_best_model.pth.tmp cannot be opened.
2025-07-15 22:42:59,309 - __main__ - ERROR - X Failed: Tomato - 2-way - clip
2025-07-15 22:42:59,309 - __main__ - ERROR -   Error: File ./outputs/comprehensive_plant_classification_20250715_221931/Tomato_binary_clip_best_model.pth.tmp cannot be opened.
2025-07-15 22:43:39,341 - __main__ - ERROR - No experiments completed successfully!
