2025-07-09 10:34:54,828 - __main__ - INFO - ================================================================================
2025-07-09 10:34:54,828 - __main__ - INFO - Starting Comprehensive Plant Disease Classification Experiment
2025-07-09 10:34:54,828 - __main__ - INFO - Configuration: {'data_dir': './Dataset', 'output_dir': './outputs', 'batch_size': 4, 'epochs': 1, 'lr': 0.001, 'weight_decay': 0.0001, 'num_workers': 4, 'train_ratio': 0.7, 'val_ratio': 0.15, 'random_seed': 42}
2025-07-09 10:34:54,828 - __main__ - INFO - ================================================================================
2025-07-09 10:34:54,830 - __main__ - INFO - Using device: cpu
2025-07-09 10:34:54,831 - __main__ - INFO - 
============================================================
2025-07-09 10:34:54,831 - __main__ - INFO - Experiment 1/27
2025-07-09 10:34:54,831 - __main__ - INFO - Plant: Apple, Classification: binary, Model: efficientnet_b0
2025-07-09 10:34:54,831 - __main__ - INFO - ============================================================
2025-07-09 10:34:54,831 - __main__ - INFO - Training efficientnet_b0 for Apple - binary classification
2025-07-09 10:34:54,831 - __main__ - ERROR - ✗ Failed: Apple - binary - efficientnet_b0
2025-07-09 10:34:54,831 - __main__ - ERROR -   Error: No directories found for plant: Apple
2025-07-09 10:34:54,831 - __main__ - INFO - 
============================================================
2025-07-09 10:34:54,831 - __main__ - INFO - Experiment 2/27
2025-07-09 10:34:54,831 - __main__ - INFO - Plant: Apple, Classification: binary, Model: resnet50
2025-07-09 10:34:54,831 - __main__ - INFO - ============================================================
2025-07-09 10:34:54,831 - __main__ - INFO - Training resnet50 for Apple - binary classification
2025-07-09 10:34:54,831 - __main__ - ERROR - ✗ Failed: Apple - binary - resnet50
2025-07-09 10:34:54,831 - __main__ - ERROR -   Error: No directories found for plant: Apple
2025-07-09 10:34:54,831 - __main__ - INFO - 
============================================================
2025-07-09 10:34:54,831 - __main__ - INFO - Experiment 3/27
2025-07-09 10:34:54,831 - __main__ - INFO - Plant: Apple, Classification: binary, Model: clip
2025-07-09 10:34:54,831 - __main__ - INFO - ============================================================
2025-07-09 10:34:54,831 - __main__ - INFO - Training clip for Apple - binary classification
2025-07-09 10:34:54,832 - __main__ - ERROR - ✗ Failed: Apple - binary - clip
2025-07-09 10:34:54,832 - __main__ - ERROR -   Error: No directories found for plant: Apple
2025-07-09 10:34:54,832 - __main__ - INFO - 
============================================================
2025-07-09 10:34:54,832 - __main__ - INFO - Experiment 4/27
2025-07-09 10:34:54,832 - __main__ - INFO - Plant: Apple, Classification: generation, Model: efficientnet_b0
2025-07-09 10:34:54,832 - __main__ - INFO - ============================================================
2025-07-09 10:34:54,832 - __main__ - INFO - Training efficientnet_b0 for Apple - generation classification
2025-07-09 10:34:54,832 - __main__ - ERROR - ✗ Failed: Apple - generation - efficientnet_b0
2025-07-09 10:34:54,832 - __main__ - ERROR -   Error: No directories found for plant: Apple
2025-07-09 10:34:54,832 - __main__ - INFO - 
============================================================
2025-07-09 10:34:54,832 - __main__ - INFO - Experiment 5/27
2025-07-09 10:34:54,832 - __main__ - INFO - Plant: Apple, Classification: generation, Model: resnet50
2025-07-09 10:34:54,832 - __main__ - INFO - ============================================================
2025-07-09 10:34:54,832 - __main__ - INFO - Training resnet50 for Apple - generation classification
2025-07-09 10:34:54,832 - __main__ - ERROR - ✗ Failed: Apple - generation - resnet50
2025-07-09 10:34:54,832 - __main__ - ERROR -   Error: No directories found for plant: Apple
2025-07-09 10:34:54,832 - __main__ - INFO - 
============================================================
2025-07-09 10:34:54,832 - __main__ - INFO - Experiment 6/27
2025-07-09 10:34:54,832 - __main__ - INFO - Plant: Apple, Classification: generation, Model: clip
2025-07-09 10:34:54,832 - __main__ - INFO - ============================================================
2025-07-09 10:34:54,832 - __main__ - INFO - Training clip for Apple - generation classification
2025-07-09 10:34:54,833 - __main__ - ERROR - ✗ Failed: Apple - generation - clip
2025-07-09 10:34:54,833 - __main__ - ERROR -   Error: No directories found for plant: Apple
2025-07-09 10:34:54,833 - __main__ - INFO - 
============================================================
2025-07-09 10:34:54,833 - __main__ - INFO - Experiment 7/27
2025-07-09 10:34:54,833 - __main__ - INFO - Plant: Apple, Classification: detailed, Model: efficientnet_b0
2025-07-09 10:34:54,833 - __main__ - INFO - ============================================================
2025-07-09 10:34:54,833 - __main__ - INFO - Training efficientnet_b0 for Apple - detailed classification
2025-07-09 10:34:54,833 - __main__ - ERROR - ✗ Failed: Apple - detailed - efficientnet_b0
2025-07-09 10:34:54,833 - __main__ - ERROR -   Error: No directories found for plant: Apple
2025-07-09 10:34:54,833 - __main__ - INFO - 
============================================================
2025-07-09 10:34:54,833 - __main__ - INFO - Experiment 8/27
2025-07-09 10:34:54,833 - __main__ - INFO - Plant: Apple, Classification: detailed, Model: resnet50
2025-07-09 10:34:54,833 - __main__ - INFO - ============================================================
2025-07-09 10:34:54,833 - __main__ - INFO - Training resnet50 for Apple - detailed classification
2025-07-09 10:34:54,833 - __main__ - ERROR - ✗ Failed: Apple - detailed - resnet50
2025-07-09 10:34:54,833 - __main__ - ERROR -   Error: No directories found for plant: Apple
2025-07-09 10:34:54,833 - __main__ - INFO - 
============================================================
2025-07-09 10:34:54,833 - __main__ - INFO - Experiment 9/27
2025-07-09 10:34:54,833 - __main__ - INFO - Plant: Apple, Classification: detailed, Model: clip
2025-07-09 10:34:54,833 - __main__ - INFO - ============================================================
2025-07-09 10:34:54,833 - __main__ - INFO - Training clip for Apple - detailed classification
2025-07-09 10:34:54,833 - __main__ - ERROR - ✗ Failed: Apple - detailed - clip
2025-07-09 10:34:54,833 - __main__ - ERROR -   Error: No directories found for plant: Apple
2025-07-09 10:34:54,833 - __main__ - INFO - 
============================================================
2025-07-09 10:34:54,833 - __main__ - INFO - Experiment 10/27
2025-07-09 10:34:54,833 - __main__ - INFO - Plant: Maize, Classification: binary, Model: efficientnet_b0
2025-07-09 10:34:54,833 - __main__ - INFO - ============================================================
2025-07-09 10:34:54,833 - __main__ - INFO - Training efficientnet_b0 for Maize - binary classification
2025-07-09 10:34:54,834 - __main__ - ERROR - ✗ Failed: Maize - binary - efficientnet_b0
2025-07-09 10:34:54,834 - __main__ - ERROR -   Error: No directories found for plant: Maize
2025-07-09 10:34:54,834 - __main__ - INFO - 
============================================================
2025-07-09 10:34:54,834 - __main__ - INFO - Experiment 11/27
2025-07-09 10:34:54,834 - __main__ - INFO - Plant: Maize, Classification: binary, Model: resnet50
2025-07-09 10:34:54,834 - __main__ - INFO - ============================================================
2025-07-09 10:34:54,834 - __main__ - INFO - Training resnet50 for Maize - binary classification
2025-07-09 10:34:54,834 - __main__ - ERROR - ✗ Failed: Maize - binary - resnet50
2025-07-09 10:34:54,834 - __main__ - ERROR -   Error: No directories found for plant: Maize
2025-07-09 10:34:54,834 - __main__ - INFO - 
============================================================
2025-07-09 10:34:54,834 - __main__ - INFO - Experiment 12/27
2025-07-09 10:34:54,834 - __main__ - INFO - Plant: Maize, Classification: binary, Model: clip
2025-07-09 10:34:54,834 - __main__ - INFO - ============================================================
2025-07-09 10:34:54,834 - __main__ - INFO - Training clip for Maize - binary classification
2025-07-09 10:34:54,834 - __main__ - ERROR - ✗ Failed: Maize - binary - clip
2025-07-09 10:34:54,834 - __main__ - ERROR -   Error: No directories found for plant: Maize
2025-07-09 10:34:54,834 - __main__ - INFO - 
============================================================
2025-07-09 10:34:54,834 - __main__ - INFO - Experiment 13/27
2025-07-09 10:34:54,834 - __main__ - INFO - Plant: Maize, Classification: generation, Model: efficientnet_b0
2025-07-09 10:34:54,834 - __main__ - INFO - ============================================================
2025-07-09 10:34:54,834 - __main__ - INFO - Training efficientnet_b0 for Maize - generation classification
2025-07-09 10:34:54,834 - __main__ - ERROR - ✗ Failed: Maize - generation - efficientnet_b0
2025-07-09 10:34:54,834 - __main__ - ERROR -   Error: No directories found for plant: Maize
2025-07-09 10:34:54,834 - __main__ - INFO - 
============================================================
2025-07-09 10:34:54,835 - __main__ - INFO - Experiment 14/27
2025-07-09 10:34:54,835 - __main__ - INFO - Plant: Maize, Classification: generation, Model: resnet50
2025-07-09 10:34:54,835 - __main__ - INFO - ============================================================
2025-07-09 10:34:54,835 - __main__ - INFO - Training resnet50 for Maize - generation classification
2025-07-09 10:34:54,835 - __main__ - ERROR - ✗ Failed: Maize - generation - resnet50
2025-07-09 10:34:54,835 - __main__ - ERROR -   Error: No directories found for plant: Maize
2025-07-09 10:34:54,835 - __main__ - INFO - 
============================================================
2025-07-09 10:34:54,835 - __main__ - INFO - Experiment 15/27
2025-07-09 10:34:54,835 - __main__ - INFO - Plant: Maize, Classification: generation, Model: clip
2025-07-09 10:34:54,835 - __main__ - INFO - ============================================================
2025-07-09 10:34:54,835 - __main__ - INFO - Training clip for Maize - generation classification
2025-07-09 10:34:54,835 - __main__ - ERROR - ✗ Failed: Maize - generation - clip
2025-07-09 10:34:54,835 - __main__ - ERROR -   Error: No directories found for plant: Maize
2025-07-09 10:34:54,835 - __main__ - INFO - 
============================================================
2025-07-09 10:34:54,835 - __main__ - INFO - Experiment 16/27
2025-07-09 10:34:54,835 - __main__ - INFO - Plant: Maize, Classification: detailed, Model: efficientnet_b0
2025-07-09 10:34:54,835 - __main__ - INFO - ============================================================
2025-07-09 10:34:54,835 - __main__ - INFO - Training efficientnet_b0 for Maize - detailed classification
2025-07-09 10:34:54,835 - __main__ - ERROR - ✗ Failed: Maize - detailed - efficientnet_b0
2025-07-09 10:34:54,835 - __main__ - ERROR -   Error: No directories found for plant: Maize
2025-07-09 10:34:54,835 - __main__ - INFO - 
============================================================
2025-07-09 10:34:54,835 - __main__ - INFO - Experiment 17/27
2025-07-09 10:34:54,835 - __main__ - INFO - Plant: Maize, Classification: detailed, Model: resnet50
2025-07-09 10:34:54,835 - __main__ - INFO - ============================================================
2025-07-09 10:34:54,835 - __main__ - INFO - Training resnet50 for Maize - detailed classification
2025-07-09 10:34:54,835 - __main__ - ERROR - ✗ Failed: Maize - detailed - resnet50
2025-07-09 10:34:54,835 - __main__ - ERROR -   Error: No directories found for plant: Maize
2025-07-09 10:34:54,835 - __main__ - INFO - 
============================================================
2025-07-09 10:34:54,835 - __main__ - INFO - Experiment 18/27
2025-07-09 10:34:54,835 - __main__ - INFO - Plant: Maize, Classification: detailed, Model: clip
2025-07-09 10:34:54,836 - __main__ - INFO - ============================================================
2025-07-09 10:34:54,836 - __main__ - INFO - Training clip for Maize - detailed classification
2025-07-09 10:34:54,836 - __main__ - ERROR - ✗ Failed: Maize - detailed - clip
2025-07-09 10:34:54,836 - __main__ - ERROR -   Error: No directories found for plant: Maize
2025-07-09 10:34:54,836 - __main__ - INFO - 
============================================================
2025-07-09 10:34:54,836 - __main__ - INFO - Experiment 19/27
2025-07-09 10:34:54,836 - __main__ - INFO - Plant: Tomato, Classification: binary, Model: efficientnet_b0
2025-07-09 10:34:54,836 - __main__ - INFO - ============================================================
2025-07-09 10:34:54,836 - __main__ - INFO - Training efficientnet_b0 for Tomato - binary classification
2025-07-09 10:34:54,836 - __main__ - ERROR - ✗ Failed: Tomato - binary - efficientnet_b0
2025-07-09 10:34:54,836 - __main__ - ERROR -   Error: No directories found for plant: Tomato
2025-07-09 10:34:54,836 - __main__ - INFO - 
============================================================
2025-07-09 10:34:54,836 - __main__ - INFO - Experiment 20/27
2025-07-09 10:34:54,836 - __main__ - INFO - Plant: Tomato, Classification: binary, Model: resnet50
2025-07-09 10:34:54,836 - __main__ - INFO - ============================================================
2025-07-09 10:34:54,836 - __main__ - INFO - Training resnet50 for Tomato - binary classification
2025-07-09 10:34:54,836 - __main__ - ERROR - ✗ Failed: Tomato - binary - resnet50
2025-07-09 10:34:54,836 - __main__ - ERROR -   Error: No directories found for plant: Tomato
2025-07-09 10:34:54,836 - __main__ - INFO - 
============================================================
2025-07-09 10:34:54,836 - __main__ - INFO - Experiment 21/27
2025-07-09 10:34:54,836 - __main__ - INFO - Plant: Tomato, Classification: binary, Model: clip
2025-07-09 10:34:54,836 - __main__ - INFO - ============================================================
2025-07-09 10:34:54,836 - __main__ - INFO - Training clip for Tomato - binary classification
2025-07-09 10:34:54,836 - __main__ - ERROR - ✗ Failed: Tomato - binary - clip
2025-07-09 10:34:54,836 - __main__ - ERROR -   Error: No directories found for plant: Tomato
2025-07-09 10:34:54,836 - __main__ - INFO - 
============================================================
2025-07-09 10:34:54,836 - __main__ - INFO - Experiment 22/27
2025-07-09 10:34:54,836 - __main__ - INFO - Plant: Tomato, Classification: generation, Model: efficientnet_b0
2025-07-09 10:34:54,836 - __main__ - INFO - ============================================================
2025-07-09 10:34:54,836 - __main__ - INFO - Training efficientnet_b0 for Tomato - generation classification
2025-07-09 10:34:54,837 - __main__ - ERROR - ✗ Failed: Tomato - generation - efficientnet_b0
2025-07-09 10:34:54,837 - __main__ - ERROR -   Error: No directories found for plant: Tomato
2025-07-09 10:34:54,837 - __main__ - INFO - 
============================================================
2025-07-09 10:34:54,837 - __main__ - INFO - Experiment 23/27
2025-07-09 10:34:54,837 - __main__ - INFO - Plant: Tomato, Classification: generation, Model: resnet50
2025-07-09 10:34:54,837 - __main__ - INFO - ============================================================
2025-07-09 10:34:54,837 - __main__ - INFO - Training resnet50 for Tomato - generation classification
2025-07-09 10:34:54,837 - __main__ - ERROR - ✗ Failed: Tomato - generation - resnet50
2025-07-09 10:34:54,837 - __main__ - ERROR -   Error: No directories found for plant: Tomato
2025-07-09 10:34:54,837 - __main__ - INFO - 
============================================================
2025-07-09 10:34:54,837 - __main__ - INFO - Experiment 24/27
2025-07-09 10:34:54,837 - __main__ - INFO - Plant: Tomato, Classification: generation, Model: clip
2025-07-09 10:34:54,837 - __main__ - INFO - ============================================================
2025-07-09 10:34:54,837 - __main__ - INFO - Training clip for Tomato - generation classification
2025-07-09 10:34:54,837 - __main__ - ERROR - ✗ Failed: Tomato - generation - clip
2025-07-09 10:34:54,837 - __main__ - ERROR -   Error: No directories found for plant: Tomato
2025-07-09 10:34:54,837 - __main__ - INFO - 
============================================================
2025-07-09 10:34:54,837 - __main__ - INFO - Experiment 25/27
2025-07-09 10:34:54,837 - __main__ - INFO - Plant: Tomato, Classification: detailed, Model: efficientnet_b0
2025-07-09 10:34:54,837 - __main__ - INFO - ============================================================
2025-07-09 10:34:54,837 - __main__ - INFO - Training efficientnet_b0 for Tomato - detailed classification
2025-07-09 10:34:54,837 - __main__ - ERROR - ✗ Failed: Tomato - detailed - efficientnet_b0
2025-07-09 10:34:54,837 - __main__ - ERROR -   Error: No directories found for plant: Tomato
2025-07-09 10:34:54,837 - __main__ - INFO - 
============================================================
2025-07-09 10:34:54,837 - __main__ - INFO - Experiment 26/27
2025-07-09 10:34:54,837 - __main__ - INFO - Plant: Tomato, Classification: detailed, Model: resnet50
2025-07-09 10:34:54,837 - __main__ - INFO - ============================================================
2025-07-09 10:34:54,837 - __main__ - INFO - Training resnet50 for Tomato - detailed classification
2025-07-09 10:34:54,837 - __main__ - ERROR - ✗ Failed: Tomato - detailed - resnet50
2025-07-09 10:34:54,837 - __main__ - ERROR -   Error: No directories found for plant: Tomato
2025-07-09 10:34:54,837 - __main__ - INFO - 
============================================================
2025-07-09 10:34:54,837 - __main__ - INFO - Experiment 27/27
2025-07-09 10:34:54,837 - __main__ - INFO - Plant: Tomato, Classification: detailed, Model: clip
2025-07-09 10:34:54,837 - __main__ - INFO - ============================================================
2025-07-09 10:34:54,837 - __main__ - INFO - Training clip for Tomato - detailed classification
2025-07-09 10:34:54,838 - __main__ - ERROR - ✗ Failed: Tomato - detailed - clip
2025-07-09 10:34:54,838 - __main__ - ERROR -   Error: No directories found for plant: Tomato
2025-07-09 10:34:54,838 - __main__ - ERROR - No experiments completed successfully!
